<?xml version="1.0" encoding="UTF-8"?>
<testng-results ignored="0" total="2" passed="2" failed="0" skipped="0">
  <reporter-output>
  </reporter-output>
  <suite started-at="2022-12-29T17:05:53 IST" name="Suite" finished-at="2022-12-29T17:06:14 IST" duration-ms="20713">
    <groups>
    </groups>
    <test started-at="2022-12-29T17:05:53 IST" name="Test2" finished-at="2022-12-29T17:06:04 IST" duration-ms="11447">
      <class name="testngsuite.IncludeMethods">
        <test-method signature="f2()[pri:0, instance:testngsuite.IncludeMethods@38cee291]" started-at="2022-12-29T17:05:53 IST" name="f2" finished-at="2022-12-29T17:06:04 IST" duration-ms="11338" status="PASS">
          <reporter-output>
          </reporter-output>
        </test-method> <!-- f2 -->
      </class> <!-- testngsuite.IncludeMethods -->
    </test> <!-- Test2 -->
    <test started-at="2022-12-29T17:05:53 IST" name="Test1" finished-at="2022-12-29T17:06:14 IST" duration-ms="20713">
      <class name="testngsuite.ExcludeMethods">
        <test-method signature="f()[pri:0, instance:testngsuite.ExcludeMethods@5d0a1059]" started-at="2022-12-29T17:05:53 IST" name="f" finished-at="2022-12-29T17:06:14 IST" duration-ms="20612" status="PASS">
          <reporter-output>
          </reporter-output>
        </test-method> <!-- f -->
      </class> <!-- testngsuite.ExcludeMethods -->
    </test> <!-- Test1 -->
  </suite> <!-- Suite -->
</testng-results>
