<?xml version="1.0" encoding="UTF-8"?>
<!-- Generated by org.testng.reporters.JUnitXMLReporter -->
<testsuite ignored="2" hostname="LAPTOP-1M3VDV8B" failures="0" tests="2" name="Exclude" time="0.131" errors="0" timestamp="2022-11-16T23:19:34 IST">
  <testcase classname="testngsuite.ExcludeMethods" name="B" time="0.019"/>
  <testcase classname="testngsuite.ExcludeMethods" name="D" time="0.005"/>
  <testcase classname="testngsuite.ExcludeMethods" name="C" time="0.0">
    <ignored/>
  </testcase> <!-- C -->
  <testcase classname="testngsuite.ExcludeMethods" name="A" time="0.0">
    <ignored/>
  </testcase> <!-- A -->
</testsuite> <!-- Exclude -->
