<?xml version="1.0" encoding="UTF-8"?>
<!-- Generated by org.testng.reporters.JUnitXMLReporter -->
<testsuite ignored="4" hostname="LAPTOP-1M3VDV8B" failures="0" tests="4" name="Test" time="0.135" errors="0" timestamp="2022-12-29T16:46:18 IST">
  <testcase classname="testngsuite.ExcludeMeth2" name="F" time="0.016"/>
  <testcase classname="testngsuite.ExcludeMeth2" name="H" time="0.002"/>
  <testcase classname="testngsuite.IncludeMeth" name="B" time="0.003"/>
  <testcase classname="testngsuite.IncludeMeth" name="D" time="0.002"/>
  <testcase classname="testngsuite.IncludeMeth" name="A" time="0.0">
    <ignored/>
  </testcase> <!-- A -->
  <testcase classname="testngsuite.ExcludeMeth2" name="E" time="0.0">
    <ignored/>
  </testcase> <!-- E -->
  <testcase classname="testngsuite.ExcludeMeth2" name="G" time="0.0">
    <ignored/>
  </testcase> <!-- G -->
  <testcase classname="testngsuite.IncludeMeth" name="C" time="0.0">
    <ignored/>
  </testcase> <!-- C -->
</testsuite> <!-- Test -->
